INFO  | 2020-10-13 16:05:29 | [main] TestMaximum.FindMaximum (FindMaximum.java:31) - Enter Number 1 : 
INFO  | 2020-10-13 16:05:38 | [main] TestMaximum.FindMaximum (FindMaximum.java:33) - Enter Number 2 : 
INFO  | 2020-10-13 16:05:42 | [main] TestMaximum.FindMaximum (FindMaximum.java:35) - Enter Number 3 : 
INFO  | 2020-10-13 16:06:46 | [main] TestMaximum.FindMaximum (FindMaximum.java:33) - Enter Number 1 : 
INFO  | 2020-10-13 16:06:50 | [main] TestMaximum.FindMaximum (FindMaximum.java:35) - Enter Number 2 : 
INFO  | 2020-10-13 16:06:51 | [main] TestMaximum.FindMaximum (FindMaximum.java:37) - Enter Number 3 : 
INFO  | 2020-10-13 16:07:02 | [main] TestMaximum.FindMaximum (FindMaximum.java:33) - Enter Number 1 : 
INFO  | 2020-10-13 16:07:04 | [main] TestMaximum.FindMaximum (FindMaximum.java:35) - Enter Number 2 : 
INFO  | 2020-10-13 16:07:05 | [main] TestMaximum.FindMaximum (FindMaximum.java:37) - Enter Number 3 : 
INFO  | 2020-10-13 16:08:53 | [main] TestMaximum.FindMaximum (FindMaximum.java:27) - Maximum Number is : 93
INFO  | 2020-10-13 16:08:53 | [main] TestMaximum.FindMaximum (FindMaximum.java:27) - Maximum Number is : 92
INFO  | 2020-10-13 16:08:53 | [main] TestMaximum.FindMaximum (FindMaximum.java:27) - Maximum Number is : 32
INFO  | 2020-10-13 16:12:25 | [main] TestMaximum.FindMaximum (FindMaximum.java:33) - Enter Number 1 : 
INFO  | 2020-10-13 16:12:28 | [main] TestMaximum.FindMaximum (FindMaximum.java:35) - Enter Number 2 : 
INFO  | 2020-10-13 16:12:29 | [main] TestMaximum.FindMaximum (FindMaximum.java:37) - Enter Number 3 : 
INFO  | 2020-10-13 16:12:31 | [main] TestMaximum.FindMaximum (FindMaximum.java:27) - Maximum Number is : 76
INFO  | 2020-10-13 16:21:56 | [main] TestMaximum.FindMaximum (FindMaximum.java:36) - Enter Number 1 : 
INFO  | 2020-10-13 16:21:59 | [main] TestMaximum.FindMaximum (FindMaximum.java:38) - Enter Number 2 : 
INFO  | 2020-10-13 16:22:01 | [main] TestMaximum.FindMaximum (FindMaximum.java:40) - Enter Number 3 : 
INFO  | 2020-10-13 16:22:03 | [main] TestMaximum.FindMaximum (FindMaximum.java:29) - Maximum Number is : 30
INFO  | 2020-10-13 16:22:12 | [main] TestMaximum.FindMaximum (FindMaximum.java:36) - Enter Number 1 : 
INFO  | 2020-10-13 16:22:15 | [main] TestMaximum.FindMaximum (FindMaximum.java:38) - Enter Number 2 : 
INFO  | 2020-10-13 16:22:19 | [main] TestMaximum.FindMaximum (FindMaximum.java:40) - Enter Number 3 : 
INFO  | 2020-10-13 16:22:21 | [main] TestMaximum.FindMaximum (FindMaximum.java:29) - Maximum Number is : 725
INFO  | 2020-10-13 16:22:30 | [main] TestMaximum.FindMaximum (FindMaximum.java:36) - Enter Number 1 : 
INFO  | 2020-10-13 16:22:32 | [main] TestMaximum.FindMaximum (FindMaximum.java:38) - Enter Number 2 : 
INFO  | 2020-10-13 16:22:35 | [main] TestMaximum.FindMaximum (FindMaximum.java:40) - Enter Number 3 : 
INFO  | 2020-10-13 16:22:37 | [main] TestMaximum.FindMaximum (FindMaximum.java:29) - Maximum Number is : 45
INFO  | 2020-10-13 16:22:45 | [main] TestMaximum.FindMaximum (FindMaximum.java:36) - Enter Number 1 : 
INFO  | 2020-10-13 16:22:46 | [main] TestMaximum.FindMaximum (FindMaximum.java:38) - Enter Number 2 : 
INFO  | 2020-10-13 16:22:48 | [main] TestMaximum.FindMaximum (FindMaximum.java:40) - Enter Number 3 : 
INFO  | 2020-10-13 16:22:50 | [main] TestMaximum.FindMaximum (FindMaximum.java:29) - Maximum Number is : 7888
INFO  | 2020-10-13 16:29:50 | [main] TestMaximum.FindMaximum (FindMaximum.java:36) - Enter Number 1 : 
INFO  | 2020-10-13 16:29:54 | [main] TestMaximum.FindMaximum (FindMaximum.java:38) - Enter Number 2 : 
INFO  | 2020-10-13 16:29:54 | [main] TestMaximum.FindMaximum (FindMaximum.java:36) - Enter Number 1 : 
INFO  | 2020-10-13 16:29:56 | [main] TestMaximum.FindMaximum (FindMaximum.java:38) - Enter Number 2 : 
INFO  | 2020-10-13 16:29:58 | [main] TestMaximum.FindMaximum (FindMaximum.java:40) - Enter Number 3 : 
INFO  | 2020-10-13 16:30:00 | [main] TestMaximum.FindMaximum (FindMaximum.java:29) - Maximum Number is : 87576
INFO  | 2020-10-13 16:51:26 | [main] TestMaximum.FindMaximum (FindMaximum.java:29) - Maximum Number is : 93
INFO  | 2020-10-13 16:51:27 | [main] TestMaximum.FindMaximum (FindMaximum.java:29) - Maximum Number is : 92
INFO  | 2020-10-13 16:51:27 | [main] TestMaximum.FindMaximum (FindMaximum.java:29) - Maximum Number is : 32
INFO  | 2020-10-13 16:54:05 | [main] TestMaximum.FindMaximum (FindMaximum.java:25) - Enter Number 1 : 
INFO  | 2020-10-13 16:54:08 | [main] TestMaximum.FindMaximum (FindMaximum.java:27) - Enter Number 2 : 
INFO  | 2020-10-13 16:54:08 | [main] TestMaximum.FindMaximum (FindMaximum.java:29) - Enter Number 3 : 
INFO  | 2020-10-13 16:54:12 | [main] TestMaximum.FindMaximum (FindMaximum.java:18) - Maximum Number is : 434
INFO  | 2020-10-13 17:18:36 | [main] TestMaximum.FindMaximum (FindMaximum.java:18) - Maximum Number in 32,23,46 is : 46
INFO  | 2020-10-13 17:18:36 | [main] TestMaximum.FindMaximum (FindMaximum.java:29) - Maximum Number in 2.5f,3.5f,9.5f is : 9.5
INFO  | 2020-10-13 17:19:06 | [main] TestMaximum.FindMaximum (FindMaximum.java:18) - Maximum Number in 32,23,46 is : 93
INFO  | 2020-10-13 17:19:06 | [main] TestMaximum.FindMaximum (FindMaximum.java:29) - Maximum Number in 2.5f,3.5f,9.5f is : 9.1
INFO  | 2020-10-13 17:19:06 | [main] TestMaximum.FindMaximum (FindMaximum.java:18) - Maximum Number in 32,23,46 is : 98
INFO  | 2020-10-13 17:19:06 | [main] TestMaximum.FindMaximum (FindMaximum.java:29) - Maximum Number in 2.5f,3.5f,9.5f is : 9.1
INFO  | 2020-10-13 17:19:06 | [main] TestMaximum.FindMaximum (FindMaximum.java:18) - Maximum Number in 32,23,46 is : 32
INFO  | 2020-10-13 17:19:06 | [main] TestMaximum.FindMaximum (FindMaximum.java:29) - Maximum Number in 2.5f,3.5f,9.5f is : 9.1
INFO  | 2020-10-13 17:19:49 | [main] TestMaximum.FindMaximum (FindMaximum.java:18) - Maximum Number in 32,23,46 is : 93
INFO  | 2020-10-13 17:19:49 | [main] TestMaximum.FindMaximum (FindMaximum.java:29) - Maximum Number in 2.5f,3.5f,9.5f is : 9.1
INFO  | 2020-10-13 17:19:49 | [main] TestMaximum.FindMaximum (FindMaximum.java:18) - Maximum Number in 32,23,46 is : 98
INFO  | 2020-10-13 17:19:49 | [main] TestMaximum.FindMaximum (FindMaximum.java:29) - Maximum Number in 2.5f,3.5f,9.5f is : 9.1
INFO  | 2020-10-13 17:19:49 | [main] TestMaximum.FindMaximum (FindMaximum.java:18) - Maximum Number in 32,23,46 is : 32
INFO  | 2020-10-13 17:19:49 | [main] TestMaximum.FindMaximum (FindMaximum.java:29) - Maximum Number in 2.5f,3.5f,9.5f is : 9.1
INFO  | 2020-10-13 17:31:59 | [main] TestMaximum.FindMaximum (FindMaximum.java:18) - Maximum Number in 32,23,46 is : 93
INFO  | 2020-10-13 17:31:59 | [main] TestMaximum.FindMaximum (FindMaximum.java:29) - Maximum Number in 2.5f,3.5f,9.5f is : 9.1
INFO  | 2020-10-13 17:31:59 | [main] TestMaximum.FindMaximum (FindMaximum.java:40) - Maximum String in Apple,Peach,Banana is : Banana
INFO  | 2020-10-13 17:31:59 | [main] TestMaximum.FindMaximum (FindMaximum.java:18) - Maximum Number in 32,23,46 is : 98
INFO  | 2020-10-13 17:31:59 | [main] TestMaximum.FindMaximum (FindMaximum.java:29) - Maximum Number in 2.5f,3.5f,9.5f is : 9.1
INFO  | 2020-10-13 17:31:59 | [main] TestMaximum.FindMaximum (FindMaximum.java:40) - Maximum String in Apple,Peach,Banana is : Peach
INFO  | 2020-10-13 17:31:59 | [main] TestMaximum.FindMaximum (FindMaximum.java:18) - Maximum Number in 32,23,46 is : 32
INFO  | 2020-10-13 17:31:59 | [main] TestMaximum.FindMaximum (FindMaximum.java:29) - Maximum Number in 2.5f,3.5f,9.5f is : 9.1
INFO  | 2020-10-13 17:31:59 | [main] TestMaximum.FindMaximum (FindMaximum.java:40) - Maximum String in Apple,Peach,Banana is : Peach
INFO  | 2020-10-13 17:35:14 | [main] TestMaximum.FindMaximum (FindMaximum.java:18) - Maximum Number in 32,23,46 is : 93
INFO  | 2020-10-13 17:35:14 | [main] TestMaximum.FindMaximum (FindMaximum.java:29) - Maximum Number in 2.5f,3.5f,9.5f is : 9.1
INFO  | 2020-10-13 17:35:14 | [main] TestMaximum.FindMaximum (FindMaximum.java:40) - Maximum String in Apple,Peach,Banana is : Banana
INFO  | 2020-10-13 17:35:14 | [main] TestMaximum.FindMaximum (FindMaximum.java:18) - Maximum Number in 32,23,46 is : 98
INFO  | 2020-10-13 17:35:14 | [main] TestMaximum.FindMaximum (FindMaximum.java:29) - Maximum Number in 2.5f,3.5f,9.5f is : 9.1
INFO  | 2020-10-13 17:35:14 | [main] TestMaximum.FindMaximum (FindMaximum.java:40) - Maximum String in Apple,Peach,Banana is : Peach
INFO  | 2020-10-13 17:35:14 | [main] TestMaximum.FindMaximum (FindMaximum.java:18) - Maximum Number in 32,23,46 is : 32
INFO  | 2020-10-13 17:35:14 | [main] TestMaximum.FindMaximum (FindMaximum.java:29) - Maximum Number in 2.5f,3.5f,9.5f is : 9.1
INFO  | 2020-10-13 17:35:14 | [main] TestMaximum.FindMaximum (FindMaximum.java:40) - Maximum String in Apple,Peach,Banana is : Peach
INFO  | 2020-10-13 17:40:13 | [main] TestMaximum.FindMaximum (FindMaximum.java:18) - Maximum Number in 32,23,46 is : 46
INFO  | 2020-10-13 17:40:13 | [main] TestMaximum.FindMaximum (FindMaximum.java:29) - Maximum Number in 2.5f,3.5f,9.5f is : 9.5
INFO  | 2020-10-13 17:40:13 | [main] TestMaximum.FindMaximum (FindMaximum.java:40) - Maximum String in Apple,Peach,Banana is : Peach
INFO  | 2020-10-13 17:40:25 | [main] TestMaximum.FindMaximum (FindMaximum.java:18) - Maximum Number in 32,23,46 is : 93
INFO  | 2020-10-13 17:40:25 | [main] TestMaximum.FindMaximum (FindMaximum.java:29) - Maximum Number in 2.5f,3.5f,9.5f is : 9.1
INFO  | 2020-10-13 17:40:25 | [main] TestMaximum.FindMaximum (FindMaximum.java:40) - Maximum String in Apple,Peach,Banana is : Peach
INFO  | 2020-10-13 17:40:25 | [main] TestMaximum.FindMaximum (FindMaximum.java:18) - Maximum Number in 32,23,46 is : 98
INFO  | 2020-10-13 17:40:25 | [main] TestMaximum.FindMaximum (FindMaximum.java:29) - Maximum Number in 2.5f,3.5f,9.5f is : 9.1
INFO  | 2020-10-13 17:40:25 | [main] TestMaximum.FindMaximum (FindMaximum.java:40) - Maximum String in Apple,Peach,Banana is : Peach
INFO  | 2020-10-13 17:40:25 | [main] TestMaximum.FindMaximum (FindMaximum.java:18) - Maximum Number in 32,23,46 is : 32
INFO  | 2020-10-13 17:40:25 | [main] TestMaximum.FindMaximum (FindMaximum.java:29) - Maximum Number in 2.5f,3.5f,9.5f is : 9.1
INFO  | 2020-10-13 17:40:25 | [main] TestMaximum.FindMaximum (FindMaximum.java:40) - Maximum String in Apple,Peach,Banana is : Peach
INFO  | 2020-10-13 18:46:46 | [main] TestMaximum.FindMaximum (FindMaximum.java:25) - Maximum Number in 32,23,46 is : 46
INFO  | 2020-10-13 18:46:46 | [main] TestMaximum.FindMaximum (FindMaximum.java:26) - Maximum Number in 2.5f,3.5f,9.5f is : 9.5
INFO  | 2020-10-13 18:46:46 | [main] TestMaximum.FindMaximum (FindMaximum.java:27) - Maximum String in Apple,Peach,Banana is : Peach
INFO  | 2020-10-13 19:12:43 | [main] TestMaximum.FindMaximum (FindMaximum.java:41) - Maximum Number in 32,23,46 is : 46
INFO  | 2020-10-13 19:12:43 | [main] TestMaximum.FindMaximum (FindMaximum.java:42) - Maximum Number in 2.5f,3.5f,9.5f is : 9.5
INFO  | 2020-10-13 19:12:43 | [main] TestMaximum.FindMaximum (FindMaximum.java:43) - Maximum String in Apple,Peach,Banana is : Peach
INFO  | 2020-10-13 19:18:24 | [main] TestMaximum.FindMaximum (FindMaximum.java:41) - Maximum Number in 32,23,46 is : 46
INFO  | 2020-10-13 19:18:24 | [main] TestMaximum.FindMaximum (FindMaximum.java:42) - Maximum Number in 2.5f,3.5f,9.5f is : 9.5
INFO  | 2020-10-13 19:18:24 | [main] TestMaximum.FindMaximum (FindMaximum.java:43) - Maximum String in Apple,Peach,Banana is : Peach
INFO  | 2020-10-13 19:31:11 | [main] TestMaximum.FindMaximum (FindMaximum.java:41) - Maximum Number in 32,23,46 is : 46
INFO  | 2020-10-13 19:31:11 | [main] TestMaximum.FindMaximum (FindMaximum.java:42) - Maximum Number in 2.5f,3.5f,9.5f is : 9.5
INFO  | 2020-10-13 19:31:11 | [main] TestMaximum.FindMaximum (FindMaximum.java:43) - Maximum String in Apple,Peach,Banana is : Peach
INFO  | 2020-10-13 22:36:11 | [main] TestMaximum.FindMaximum (FindMaximum.java:32) - Maximum Number in 32,23,46,93,66 is : 93
INFO  | 2020-10-13 22:36:11 | [main] TestMaximum.FindMaximum (FindMaximum.java:35) - Maximum Number in 1.1f,2.1f,3.1f,4.1f is : 4.1
INFO  | 2020-10-13 22:36:11 | [main] TestMaximum.FindMaximum (FindMaximum.java:38) - Maximum String in hi,hello,hey,hola is : hola
INFO  | 2020-10-13 22:41:41 | [main] TestMaximum.FindMaximum (FindMaximum.java:32) - Maximum Number in 32,23,46,93,66 is : 93
INFO  | 2020-10-13 22:41:41 | [main] TestMaximum.FindMaximum (FindMaximum.java:35) - Maximum Number in 1.1f,2.1f,3.1f,4.1f is : 4.1
INFO  | 2020-10-13 22:41:41 | [main] TestMaximum.FindMaximum (FindMaximum.java:38) - Maximum String in hi,hello,hey,hola is : hola
